<?xml version="1.0" encoding="UTF-8"?>
<coverage generated="1520449107279" clover="3.2.0">
  <project timestamp="1520449107279" name="All files">
    <metrics statements="13" coveredstatements="13" conditionals="4" coveredconditionals="4" methods="4" coveredmethods="4" elements="21" coveredelements="21" complexity="0" loc="13" ncloc="13" packages="1" files="1" classes="1">
      <file name="sqlTimeParsing.js" path="/home/edgar/Projects/WhatsOn/whatsontoday-web/webapp/src/common/api/utils/sqlTimeParsing.js">
        <metrics statements="13" coveredstatements="13" conditionals="4" coveredconditionals="4" methods="4" coveredmethods="4"/>
        <line num="8" count="1" type="stmt"/>
        <line num="11" count="5" type="cond" truecount="2" falsecount="0"/>
        <line num="12" count="2" type="stmt"/>
        <line num="14" count="3" type="stmt"/>
        <line num="15" count="3" type="stmt"/>
        <line num="16" count="18" type="stmt"/>
        <line num="19" count="3" type="stmt"/>
        <line num="27" count="1" type="stmt"/>
        <line num="29" count="3" type="stmt"/>
        <line num="30" count="15" type="cond" truecount="2" falsecount="0"/>
        <line num="31" count="6" type="stmt"/>
        <line num="33" count="9" type="stmt"/>
        <line num="36" count="3" type="stmt"/>
      </file>
    </metrics>
  </project>
</coverage>
