{"/home/edgar/Projects/WhatsOn/whatsontoday-web/webapp/src/common/api/utils/sqlTimeParsing.js": {"path":"/home/edgar/Projects/WhatsOn/whatsontoday-web/webapp/src/common/api/utils/sqlTimeParsing.js","statementMap":{"0":{"start":{"line":8,"column":34},"end":{"line":20,"column":1}},"1":{"start":{"line":11,"column":4},"end":{"line":12,"column":55}},"2":{"start":{"line":12,"column":8},"end":{"line":12,"column":55}},"3":{"start":{"line":14,"column":19},"end":{"line":14,"column":43}},"4":{"start":{"line":15,"column":18},"end":{"line":17,"column":6}},"5":{"start":{"line":16,"column":8},"end":{"line":16,"column":29}},"6":{"start":{"line":19,"column":4},"end":{"line":19,"column":92}},"7":{"start":{"line":27,"column":34},"end":{"line":42,"column":1}},"8":{"start":{"line":29,"column":16},"end":{"line":34,"column":5}},"9":{"start":{"line":30,"column":8},"end":{"line":32,"column":9}},"10":{"start":{"line":31,"column":12},"end":{"line":31,"column":32}},"11":{"start":{"line":33,"column":8},"end":{"line":33,"column":22}},"12":{"start":{"line":36,"column":4},"end":{"line":41,"column":34}}},"fnMap":{"0":{"name":"(anonymous_0)","decl":{"start":{"line":8,"column":34},"end":{"line":8,"column":35}},"loc":{"start":{"line":8,"column":47},"end":{"line":20,"column":1}},"line":8},"1":{"name":"(anonymous_1)","decl":{"start":{"line":15,"column":29},"end":{"line":15,"column":30}},"loc":{"start":{"line":15,"column":38},"end":{"line":17,"column":5}},"line":15},"2":{"name":"(anonymous_2)","decl":{"start":{"line":27,"column":34},"end":{"line":27,"column":35}},"loc":{"start":{"line":27,"column":42},"end":{"line":42,"column":1}},"line":27},"3":{"name":"(anonymous_3)","decl":{"start":{"line":29,"column":16},"end":{"line":29,"column":17}},"loc":{"start":{"line":29,"column":26},"end":{"line":34,"column":5}},"line":29}},"branchMap":{"0":{"loc":{"start":{"line":11,"column":4},"end":{"line":12,"column":55}},"type":"if","locations":[{"start":{"line":11,"column":4},"end":{"line":12,"column":55}},{"start":{"line":11,"column":4},"end":{"line":12,"column":55}}],"line":11},"1":{"loc":{"start":{"line":30,"column":8},"end":{"line":32,"column":9}},"type":"if","locations":[{"start":{"line":30,"column":8},"end":{"line":32,"column":9}},{"start":{"line":30,"column":8},"end":{"line":32,"column":9}}],"line":30}},"s":{"0":1,"1":5,"2":2,"3":3,"4":3,"5":18,"6":3,"7":1,"8":3,"9":15,"10":6,"11":9,"12":3},"f":{"0":5,"1":18,"2":3,"3":15},"b":{"0":[2,3],"1":[6,9]},"_coverageSchema":"332fd63041d2c1bcb487cc26dd0d5f7d97098a6c","hash":"8b607bbffa359eec2d82647075570c5ddd646322"}
}
